<?xml version="1.0"?>

<root available-locales="en_US" default-locale="en_US">
	<dynamic-element autoGeneratedName="false" dataType="boolean" name="boolean" type="checkbox" indexType="">
		<meta-data locale="en_US">
			<entry name="label"><![CDATA[Boolean Field]]></entry>
			<entry name="predefinedValue"><![CDATA[]]></entry>
			<entry name="repeatable"><![CDATA[false]]></entry>
			<entry name="required"><![CDATA[false]]></entry>
			<entry name="showLabel"><![CDATA[true]]></entry>
			<entry name="tip"><![CDATA[]]></entry>
		</meta-data>
	</dynamic-element>
	<dynamic-element autoGeneratedName="false" dataType="document-library" fieldNamespace="ddm" name="document_library" type="ddm-documentlibrary" indexType="">
		<meta-data locale="en_US">
			<entry name="label"><![CDATA[Document Library Field]]></entry>
			<entry name="predefinedValue"><![CDATA[]]></entry>
			<entry name="repeatable"><![CDATA[false]]></entry>
			<entry name="required"><![CDATA[false]]></entry>
			<entry name="showLabel"><![CDATA[true]]></entry>
			<entry name="tip"><![CDATA[]]></entry>
		</meta-data>
	</dynamic-element>
	<dynamic-element autoGeneratedName="false" dataType="file-upload" fieldNamespace="ddm" name="image" type="ddm-fileupload" indexType="">
		<meta-data locale="en_US">
			<entry name="acceptFiles"><![CDATA[*]]></entry>
			<entry name="label"><![CDATA[Image Field]]></entry>
			<entry name="predefinedValue"><![CDATA[]]></entry>
			<entry name="readOnly"><![CDATA[false]]></entry>
			<entry name="repeatable"><![CDATA[false]]></entry>
			<entry name="required"><![CDATA[false]]></entry>
			<entry name="showLabel"><![CDATA[true]]></entry>
			<entry name="tip"><![CDATA[]]></entry>
		</meta-data>
	</dynamic-element>
	<dynamic-element autoGeneratedName="false" dataType="link-to-page" fieldNamespace="ddm" name="link_to_layout" type="ddm-link-to-page" indexType="">
		<meta-data locale="en_US">
			<entry name="fieldCssClass"><![CDATA[aui-w25]]></entry>
			<entry name="label"><![CDATA[Link To Page Field]]></entry>
			<entry name="predefinedValue"><![CDATA[]]></entry>
			<entry name="repeatable"><![CDATA[false]]></entry>
			<entry name="required"><![CDATA[false]]></entry>
			<entry name="showLabel"><![CDATA[true]]></entry>
			<entry name="tip"><![CDATA[]]></entry>
			<entry name="width"><![CDATA[25]]></entry>
		</meta-data>
	</dynamic-element>
	<dynamic-element autoGeneratedName="false" dataType="html" fieldNamespace="ddm" name="text_area" type="ddm-text-html" indexType="">
		<meta-data locale="en_US">
			<entry name="fieldCssClass"><![CDATA[aui-w25]]></entry>
			<entry name="label"><![CDATA[HTML Field]]></entry>
			<entry name="predefinedValue"><![CDATA[]]></entry>
			<entry name="repeatable"><![CDATA[false]]></entry>
			<entry name="required"><![CDATA[false]]></entry>
			<entry name="showLabel"><![CDATA[true]]></entry>
			<entry name="tip"><![CDATA[]]></entry>
			<entry name="width"><![CDATA[25]]></entry>
		</meta-data>
	</dynamic-element>
	<dynamic-element autoGeneratedName="false" dataType="string" name="multi-list" type="select" indexType="">
		<dynamic-element name="001" type="option" value="Item 01">
			<meta-data locale="en_US">
				<entry name="label"><![CDATA[Item 01]]></entry>
			</meta-data>
		</dynamic-element>
		<dynamic-element name="002" type="option" value="Item 02">
			<meta-data locale="en_US">
				<entry name="label"><![CDATA[Item 02]]></entry>
			</meta-data>
		</dynamic-element>
		<meta-data locale="en_US">
			<entry name="label"><![CDATA[Multi Select Field]]></entry>
			<entry name="multiple"><![CDATA[true]]></entry>
			<entry name="predefinedValue"><![CDATA[]]></entry>
			<entry name="repeatable"><![CDATA[false]]></entry>
			<entry name="required"><![CDATA[false]]></entry>
			<entry name="showLabel"><![CDATA[true]]></entry>
			<entry name="tip"><![CDATA[]]></entry>
		</meta-data>
	</dynamic-element>
	<dynamic-element autoGeneratedName="false" dataType="string" name="list" type="select" indexType="">
		<dynamic-element name="001" type="option" value="Item 01">
			<meta-data locale="en_US">
				<entry name="label"><![CDATA[Item 01]]></entry>
			</meta-data>
		</dynamic-element>
		<dynamic-element name="002" type="option" value="Item 02">
			<meta-data locale="en_US">
				<entry name="label"><![CDATA[Item 02]]></entry>
			</meta-data>
		</dynamic-element>
		<meta-data locale="en_US">
			<entry name="label"><![CDATA[List Field]]></entry>
			<entry name="predefinedValue"><![CDATA[]]></entry>
			<entry name="repeatable"><![CDATA[false]]></entry>
			<entry name="required"><![CDATA[false]]></entry>
			<entry name="showLabel"><![CDATA[true]]></entry>
			<entry name="tip"><![CDATA[]]></entry>
		</meta-data>
	</dynamic-element>
	<dynamic-element autoGeneratedName="false" dataType="string" indexType="text" name="contact" type="text">
		<dynamic-element autoGeneratedName="false" dataType="string" indexType="text" name="phone" type="text">
			<dynamic-element autoGeneratedName="false" dataType="string" indexType="text" name="ext" type="text">
				<meta-data locale="en_US">
					<entry name="fieldCssClass"><![CDATA[aui-w25]]></entry>
					<entry name="label"><![CDATA[Ext]]></entry>
					<entry name="predefinedValue"><![CDATA[]]></entry>
					<entry name="repeatable"><![CDATA[false]]></entry>
					<entry name="required"><![CDATA[false]]></entry>
					<entry name="showLabel"><![CDATA[true]]></entry>
					<entry name="tip"><![CDATA[]]></entry>
					<entry name="width"><![CDATA[25]]></entry>
				</meta-data>
			</dynamic-element>
			<meta-data locale="en_US">
				<entry name="fieldCssClass"><![CDATA[aui-w25]]></entry>
				<entry name="label"><![CDATA[Phone]]></entry>
				<entry name="repeatable"><![CDATA[true]]></entry>
				<entry name="required"><![CDATA[false]]></entry>
				<entry name="predefinedValue"><![CDATA[]]></entry>
				<entry name="showLabel"><![CDATA[true]]></entry>
				<entry name="tip"><![CDATA[]]></entry>
				<entry name="width"><![CDATA[25]]></entry>
			</meta-data>
		</dynamic-element>
		<meta-data locale="en_US">
			<entry name="fieldCssClass"><![CDATA[aui-w25]]></entry>
			<entry name="label"><![CDATA[Contact]]></entry>
			<entry name="repeatable"><![CDATA[true]]></entry>
			<entry name="required"><![CDATA[false]]></entry>
			<entry name="predefinedValue"><![CDATA[]]></entry>
			<entry name="showLabel"><![CDATA[true]]></entry>
			<entry name="tip"><![CDATA[]]></entry>
			<entry name="width"><![CDATA[25]]></entry>
		</meta-data>
	</dynamic-element>
	<dynamic-element autoGeneratedName="false" dataType="string" name="text" type="text" indexType="text">
		<meta-data locale="en_US">
			<entry name="fieldCssClass"><![CDATA[aui-w25]]></entry>
			<entry name="label"><![CDATA[Text Field]]></entry>
			<entry name="predefinedValue"><![CDATA[test]]></entry>
			<entry name="repeatable"><![CDATA[true]]></entry>
			<entry name="required"><![CDATA[true]]></entry>
			<entry name="showLabel"><![CDATA[true]]></entry>
			<entry name="tip"><![CDATA[These are some instructions.]]></entry>
			<entry name="width"><![CDATA[25]]></entry>
		</meta-data>
	</dynamic-element>
	<dynamic-element autoGeneratedName="false" dataType="string" name="text_box" type="textarea" indexType="">
		<meta-data locale="en_US">
			<entry name="fieldCssClass"><![CDATA[aui-w25]]></entry>
			<entry name="label"><![CDATA[Text Area Field]]></entry>
			<entry name="predefinedValue"><![CDATA[]]></entry>
			<entry name="repeatable"><![CDATA[true]]></entry>
			<entry name="required"><![CDATA[false]]></entry>
			<entry name="showLabel"><![CDATA[true]]></entry>
			<entry name="tip"><![CDATA[]]></entry>
			<entry name="width"><![CDATA[25]]></entry>
		</meta-data>
	</dynamic-element>
</root>