<?xml version="1.0"?>

<!--
  ~ Copyright (c) 2000-2012 Liferay, Inc. All rights reserved.
  ~
  ~ This library is free software; you can redistribute it and/or modify it under
  ~ the terms of the GNU Lesser General Public License as published by the Free
  ~ Software Foundation; either version 2.1 of the License, or (at your option)
  ~ any later version.
  ~
  ~ This library is distributed in the hope that it will be useful, but WITHOUT
  ~ ANY WARRANTY; without even the implied warranty of MERCHANTABILITY or FITNESS
  ~ FOR A PARTICULAR PURPOSE. See the GNU Lesser General Public License for more
  ~ details.
  -->

<beans
	default-destroy-method="destroy"
	default-init-method="afterPropertiesSet"
	xmlns="http://www.springframework.org/schema/beans"
	xmlns:aop="http://www.springframework.org/schema/aop"
	xmlns:xsi="http://www.w3.org/2001/XMLSchema-instance"
	xsi:schemaLocation="http://www.springframework.org/schema/aop http://www.springframework.org/schema/aop/spring-aop-3.0.xsd http://www.springframework.org/schema/beans http://www.springframework.org/schema/beans/spring-beans-3.0.xsd"
>
	<bean id="com.liferay.portal.test.persistence.TransactionalPersistenceAdvice" class="com.liferay.portal.test.persistence.TransactionalPersistenceAdvice" />

	<aop:config proxy-target-class="false">
		<aop:advisor advice-ref="com.liferay.portal.test.persistence.TransactionalPersistenceAdvice" pointcut="execution(* com.liferay.portal.service.persistence.BasePersistence+.update(..))" />
	</aop:config>
</beans>